<?xml version="1.0" encoding="utf-8"?><testsuites name="pytest tests"><testsuite name="pytest" errors="0" failures="0" skipped="0" tests="14" time="28.549" timestamp="2026-02-09T00:29:47.617913+00:00" hostname="agent-env-de3d8acb-c775-4271-a8a0-36b437c88491"><testcase classname="backend.tests.test_cashier_enhancements.TestAuthentication" name="test_cashier_login" time="1.437" /><testcase classname="backend.tests.test_cashier_enhancements.TestSubscriberSearch" name="test_search_subscriber_by_account" time="2.041" /><testcase classname="backend.tests.test_cashier_enhancements.TestPaymentHistoryDateFilter" name="test_get_payment_history_no_filter" time="1.996" /><testcase classname="backend.tests.test_cashier_enhancements.TestPaymentHistoryDateFilter" name="test_get_payment_history_with_start_date" time="1.849" /><testcase classname="backend.tests.test_cashier_enhancements.TestPaymentHistoryDateFilter" name="test_get_payment_history_with_end_date" time="1.987" /><testcase classname="backend.tests.test_cashier_enhancements.TestPaymentHistoryDateFilter" name="test_get_payment_history_with_date_range" time="1.993" /><testcase classname="backend.tests.test_cashier_enhancements.TestPaymentHistoryDateFilter" name="test_get_payment_history_future_date_range" time="1.599" /><testcase classname="backend.tests.test_cashier_enhancements.TestWalletBalance" name="test_get_wallet_balance" time="2.010" /><testcase classname="backend.tests.test_cashier_enhancements.TestAdvancePaymentToWallet" name="test_add_advance_payment_cash" time="2.893" /><testcase classname="backend.tests.test_cashier_enhancements.TestAdvancePaymentToWallet" name="test_add_advance_payment_gcash" time="1.965" /><testcase classname="backend.tests.test_cashier_enhancements.TestAdvancePaymentToWallet" name="test_add_advance_payment_invalid_amount" time="2.897" /><testcase classname="backend.tests.test_cashier_enhancements.TestAdvancePaymentToWallet" name="test_add_advance_payment_nonexistent_subscriber" time="1.797" /><testcase classname="backend.tests.test_cashier_enhancements.TestAdvancePaymentInPaymentHistory" name="test_advance_payment_appears_in_history" time="2.022" /><testcase classname="backend.tests.test_cashier_enhancements.TestSubscriberInvoices" name="test_get_subscriber_invoices" time="1.783" /></testsuite></testsuites>