<?xml version="1.0" encoding="utf-8"?><testsuites name="pytest tests"><testsuite name="pytest" errors="0" failures="0" skipped="0" tests="9" time="21.182" timestamp="2026-02-04T14:49:55.931456+00:00" hostname="agent-env-76d637b0-b0ac-473a-9835-64325f7a64ec"><testcase classname="backend.tests.test_centralized_payment.TestCashierAuth" name="test_cashier_login_success" time="1.714" /><testcase classname="backend.tests.test_centralized_payment.TestSubscriberSearch" name="test_search_by_account_number" time="2.231" /><testcase classname="backend.tests.test_centralized_payment.TestSubscriberSearch" name="test_search_by_name" time="2.252" /><testcase classname="backend.tests.test_centralized_payment.TestSubscriberInvoices" name="test_get_subscriber_invoices" time="2.248" /><testcase classname="backend.tests.test_centralized_payment.TestTodayStats" name="test_today_stats" time="2.281" /><testcase classname="backend.tests.test_centralized_payment.TestCentralizedPayment" name="test_centralized_payment_validation" time="2.466" /><testcase classname="backend.tests.test_centralized_payment.TestCentralizedPayment" name="test_centralized_payment_invalid_subscriber" time="2.504" /><testcase classname="backend.tests.test_centralized_payment.TestWalletBalance" name="test_get_wallet_balance" time="2.515" /><testcase classname="backend.tests.test_centralized_payment.TestPaymentHistory" name="test_get_payment_history" time="2.474" /></testsuite></testsuites>