<?xml version="1.0" encoding="utf-8"?><testsuites name="pytest tests"><testsuite name="pytest" errors="0" failures="2" skipped="0" tests="22" time="30.575" timestamp="2026-02-09T01:09:25.097509+00:00" hostname="agent-env-de3d8acb-c775-4271-a8a0-36b437c88491"><testcase classname="backend.tests.test_expense_module.TestAuthentication" name="test_admin_login" time="1.199" /><testcase classname="backend.tests.test_expense_module.TestExpenseCategories" name="test_get_expense_categories" time="2.132" /><testcase classname="backend.tests.test_expense_module.TestExpenseCategories" name="test_create_custom_category" time="1.509" /><testcase classname="backend.tests.test_expense_module.TestExpenseCategories" name="test_create_duplicate_category_fails" time="0.659" /><testcase classname="backend.tests.test_expense_module.TestExpenseCategories" name="test_delete_preset_category_fails" time="1.554" /><testcase classname="backend.tests.test_expense_module.TestExpenseCategories" name="test_delete_custom_category" time="2.544" /><testcase classname="backend.tests.test_expense_module.TestExpensesCRUD" name="test_get_expenses" time="0.645" /><testcase classname="backend.tests.test_expense_module.TestExpensesCRUD" name="test_create_expense" time="1.547" /><testcase classname="backend.tests.test_expense_module.TestExpensesCRUD" name="test_create_non_recurring_expense" time="0.657" /><testcase classname="backend.tests.test_expense_module.TestExpensesCRUD" name="test_update_expense" time="2.570" /><testcase classname="backend.tests.test_expense_module.TestExpensesCRUD" name="test_delete_expense" time="2.569" /><testcase classname="backend.tests.test_expense_module.TestPurchaseLinkedExpenses" name="test_cannot_edit_purchase_linked_expense" time="0.865"><failure message="KeyError: 'expense_id'">backend/tests/test_expense_module.py:284: in test_cannot_edit_purchase_linked_expense
    f"{BASE_URL}/api/expenses/{purchase_expense['expense_id']}",
                              ^^^^^^^^^^^^^^^^^^^^^^^^^^^^^^
E   KeyError: 'expense_id'</failure></testcase><testcase classname="backend.tests.test_expense_module.TestPurchaseLinkedExpenses" name="test_cannot_delete_purchase_linked_expense" time="0.840"><failure message="KeyError: 'expense_id'">backend/tests/test_expense_module.py:302: in test_cannot_delete_purchase_linked_expense
    f"{BASE_URL}/api/expenses/{purchase_expense['expense_id']}",
                              ^^^^^^^^^^^^^^^^^^^^^^^^^^^^^^
E   KeyError: 'expense_id'</failure></testcase><testcase classname="backend.tests.test_expense_module.TestExpenseFilters" name="test_filter_by_category" time="0.639" /><testcase classname="backend.tests.test_expense_module.TestExpenseFilters" name="test_filter_by_recurring" time="1.495" /><testcase classname="backend.tests.test_expense_module.TestExpenseFilters" name="test_filter_by_non_recurring" time="0.884" /><testcase classname="backend.tests.test_expense_module.TestExpenseFilters" name="test_filter_by_date_range" time="0.970" /><testcase classname="backend.tests.test_expense_module.TestExpenseStats" name="test_get_expense_stats" time="0.665" /><testcase classname="backend.tests.test_expense_module.TestAccessControl" name="test_unauthorized_access_denied" time="0.920" /><testcase classname="backend.tests.test_expense_module.TestAccessControl" name="test_invalid_token_denied" time="0.844" /><testcase classname="backend.tests.test_expense_module.TestCleanup" name="test_cleanup_test_expenses" time="3.032" /><testcase classname="backend.tests.test_expense_module.TestCleanup" name="test_cleanup_test_categories" time="1.477" /></testsuite></testsuites>