<?xml version="1.0" encoding="utf-8"?><testsuites name="pytest tests"><testsuite name="pytest" errors="0" failures="0" skipped="0" tests="22" time="37.869" timestamp="2026-02-09T01:11:43.646462+00:00" hostname="agent-env-de3d8acb-c775-4271-a8a0-36b437c88491"><testcase classname="backend.tests.test_expense_module.TestAuthentication" name="test_admin_login" time="1.631" /><testcase classname="backend.tests.test_expense_module.TestExpenseCategories" name="test_get_expense_categories" time="2.484" /><testcase classname="backend.tests.test_expense_module.TestExpenseCategories" name="test_create_custom_category" time="2.006" /><testcase classname="backend.tests.test_expense_module.TestExpenseCategories" name="test_create_duplicate_category_fails" time="1.490" /><testcase classname="backend.tests.test_expense_module.TestExpenseCategories" name="test_delete_preset_category_fails" time="1.754" /><testcase classname="backend.tests.test_expense_module.TestExpenseCategories" name="test_delete_custom_category" time="2.747" /><testcase classname="backend.tests.test_expense_module.TestExpensesCRUD" name="test_get_expenses" time="0.992" /><testcase classname="backend.tests.test_expense_module.TestExpensesCRUD" name="test_create_expense" time="1.753" /><testcase classname="backend.tests.test_expense_module.TestExpensesCRUD" name="test_create_non_recurring_expense" time="0.993" /><testcase classname="backend.tests.test_expense_module.TestExpensesCRUD" name="test_update_expense" time="2.753" /><testcase classname="backend.tests.test_expense_module.TestExpensesCRUD" name="test_delete_expense" time="2.501" /><testcase classname="backend.tests.test_expense_module.TestPurchaseLinkedExpenses" name="test_cannot_edit_purchase_linked_expense" time="1.495" /><testcase classname="backend.tests.test_expense_module.TestPurchaseLinkedExpenses" name="test_cannot_delete_purchase_linked_expense" time="1.749" /><testcase classname="backend.tests.test_expense_module.TestExpenseFilters" name="test_filter_by_category" time="0.997" /><testcase classname="backend.tests.test_expense_module.TestExpenseFilters" name="test_filter_by_recurring" time="0.751" /><testcase classname="backend.tests.test_expense_module.TestExpenseFilters" name="test_filter_by_non_recurring" time="0.998" /><testcase classname="backend.tests.test_expense_module.TestExpenseFilters" name="test_filter_by_date_range" time="1.000" /><testcase classname="backend.tests.test_expense_module.TestExpenseStats" name="test_get_expense_stats" time="0.749" /><testcase classname="backend.tests.test_expense_module.TestAccessControl" name="test_unauthorized_access_denied" time="0.998" /><testcase classname="backend.tests.test_expense_module.TestAccessControl" name="test_invalid_token_denied" time="0.997" /><testcase classname="backend.tests.test_expense_module.TestCleanup" name="test_cleanup_test_expenses" time="5.004" /><testcase classname="backend.tests.test_expense_module.TestCleanup" name="test_cleanup_test_categories" time="1.697" /></testsuite></testsuites>