<?xml version="1.0" encoding="utf-8"?><testsuites name="pytest tests"><testsuite name="pytest" errors="0" failures="0" skipped="0" tests="21" time="61.596" timestamp="2026-02-05T00:52:08.801907+00:00" hostname="agent-env-f29914de-3e2a-4354-9535-6d49e54e2797"><testcase classname="backend.tests.test_inventory_units.TestInventoryUnitTracking" name="test_01_list_inventory_items" time="2.465" /><testcase classname="backend.tests.test_inventory_units.TestInventoryUnitTracking" name="test_02_create_serialized_inventory_item" time="2.237" /><testcase classname="backend.tests.test_inventory_units.TestInventoryUnitTracking" name="test_03_get_inventory_item" time="2.499" /><testcase classname="backend.tests.test_inventory_units.TestInventoryUnitTracking" name="test_04_update_inventory_item" time="3.251" /><testcase classname="backend.tests.test_inventory_units.TestInventoryUnitTracking" name="test_05_add_unit_with_mac_address" time="1.997" /><testcase classname="backend.tests.test_inventory_units.TestInventoryUnitTracking" name="test_06_add_unit_with_serial_only" time="2.495" /><testcase classname="backend.tests.test_inventory_units.TestInventoryUnitTracking" name="test_07_list_inventory_units" time="2.504" /><testcase classname="backend.tests.test_inventory_units.TestInventoryUnitTracking" name="test_08_verify_quantity_incremented" time="2.488" /><testcase classname="backend.tests.test_inventory_units.TestInventoryUnitTracking" name="test_09_assign_unit_to_subscriber" time="3.004" /><testcase classname="backend.tests.test_inventory_units.TestInventoryUnitTracking" name="test_10_cannot_assign_already_assigned_unit" time="2.238" /><testcase classname="backend.tests.test_inventory_units.TestInventoryUnitTracking" name="test_11_return_unit_from_subscriber" time="3.252" /><testcase classname="backend.tests.test_inventory_units.TestInventoryUnitTracking" name="test_12_return_unit_as_defective" time="3.998" /><testcase classname="backend.tests.test_inventory_units.TestInventoryUnitTracking" name="test_13_cannot_delete_assigned_unit" time="4.249" /><testcase classname="backend.tests.test_inventory_units.TestInventoryUnitTracking" name="test_14_delete_inventory_unit" time="4.248" /><testcase classname="backend.tests.test_inventory_units.TestInventoryUnitTracking" name="test_15_duplicate_mac_address_rejected" time="3.006" /><testcase classname="backend.tests.test_inventory_units.TestInventoryUnitTracking" name="test_16_search_units_by_mac" time="2.490" /><testcase classname="backend.tests.test_inventory_units.TestInventoryUnitTracking" name="test_17_verify_existing_test_item" time="2.499" /><testcase classname="backend.tests.test_inventory_units.TestInventoryUnitTracking" name="test_18_verify_existing_units" time="2.501" /><testcase classname="backend.tests.test_inventory_units.TestInventoryUnitTracking" name="test_99_cleanup" time="5.750" /><testcase classname="backend.tests.test_inventory_units.TestInventoryStats" name="test_inventory_stats" time="1.924" /><testcase classname="backend.tests.test_inventory_units.TestInventoryStats" name="test_low_stock_items" time="1.978" /></testsuite></testsuites>