<?xml version="1.0" encoding="utf-8"?><testsuites name="pytest tests"><testsuite name="pytest" errors="0" failures="0" skipped="0" tests="13" time="23.353" timestamp="2026-02-08T14:37:52.439103+00:00" hostname="agent-env-c60e7316-5a50-482c-a7df-23e4a24fb316"><testcase classname="backend.tests.test_job_orders.TestAuthentication" name="test_admin_login" time="2.573" /><testcase classname="backend.tests.test_job_orders.TestAuthentication" name="test_technician_login" time="1.319" /><testcase classname="backend.tests.test_job_orders.TestTechniciansEndpoint" name="test_list_technicians" time="0.861" /><testcase classname="backend.tests.test_job_orders.TestJobOrderStats" name="test_get_job_order_stats" time="0.829" /><testcase classname="backend.tests.test_job_orders.TestJobOrderCRUD" name="test_list_job_orders" time="0.899" /><testcase classname="backend.tests.test_job_orders.TestJobOrderCRUD" name="test_create_job_order" time="1.740" /><testcase classname="backend.tests.test_job_orders.TestJobOrderCRUD" name="test_get_job_order_by_id" time="1.697" /><testcase classname="backend.tests.test_job_orders.TestJobOrderCRUD" name="test_update_job_order" time="2.996" /><testcase classname="backend.tests.test_job_orders.TestTechnicianJobOrders" name="test_get_technician_job_orders" time="2.639" /><testcase classname="backend.tests.test_job_orders.TestTechnicianJobOrders" name="test_start_job_order" time="2.684" /><testcase classname="backend.tests.test_job_orders.TestSLASettings" name="test_get_sla_settings" time="0.674" /><testcase classname="backend.tests.test_job_orders.TestSubscribersForJobOrders" name="test_list_subscribers" time="0.927" /><testcase classname="backend.tests.test_job_orders.TestInventoryForMaterials" name="test_list_inventory" time="3.190" /></testsuite></testsuites>