<?xml version="1.0" encoding="utf-8"?><testsuites name="pytest tests"><testsuite name="pytest" errors="0" failures="0" skipped="0" tests="11" time="39.867" timestamp="2026-02-05T01:24:46.284385+00:00" hostname="agent-env-f29914de-3e2a-4354-9535-6d49e54e2797"><testcase classname="backend.tests.test_mac_search_equipment.TestMACSearchAndEquipmentAssignment" name="test_search_units_by_mac_address" time="1.795" /><testcase classname="backend.tests.test_mac_search_equipment.TestMACSearchAndEquipmentAssignment" name="test_search_units_by_partial_mac" time="3.065" /><testcase classname="backend.tests.test_mac_search_equipment.TestMACSearchAndEquipmentAssignment" name="test_search_units_returns_item_details" time="3.991" /><testcase classname="backend.tests.test_mac_search_equipment.TestMACSearchAndEquipmentAssignment" name="test_search_units_empty_query" time="2.739" /><testcase classname="backend.tests.test_mac_search_equipment.TestMACSearchAndEquipmentAssignment" name="test_get_subscriber_equipment_existing" time="3.501" /><testcase classname="backend.tests.test_mac_search_equipment.TestMACSearchAndEquipmentAssignment" name="test_get_subscriber_equipment_none" time="7.026" /><testcase classname="backend.tests.test_mac_search_equipment.TestMACSearchAndEquipmentAssignment" name="test_create_subscriber_with_equipment_assignment" time="5.719" /><testcase classname="backend.tests.test_mac_search_equipment.TestMACSearchAndEquipmentAssignment" name="test_create_subscriber_without_equipment" time="3.948" /><testcase classname="backend.tests.test_mac_search_equipment.TestMACSearchAndEquipmentAssignment" name="test_search_available_units_only" time="2.807" /><testcase classname="backend.tests.test_mac_search_equipment.TestEquipmentViewInRecords" name="test_equipment_endpoint_returns_enriched_data" time="2.809" /><testcase classname="backend.tests.test_mac_search_equipment.TestEquipmentViewInRecords" name="test_equipment_for_test_subscriber" time="2.343" /></testsuite></testsuites>