<?xml version="1.0" encoding="utf-8"?><testsuites name="pytest tests"><testsuite name="pytest" errors="0" failures="0" skipped="0" tests="16" time="76.164" timestamp="2026-02-05T11:35:50.890111+00:00" hostname="agent-env-f29914de-3e2a-4354-9535-6d49e54e2797"><testcase classname="backend.tests.test_purchasing_module.TestPurchasingModule" name="test_create_supplier" time="5.746" /><testcase classname="backend.tests.test_purchasing_module.TestPurchasingModule" name="test_list_suppliers" time="3.329" /><testcase classname="backend.tests.test_purchasing_module.TestPurchasingModule" name="test_get_supplier_by_id" time="5.488" /><testcase classname="backend.tests.test_purchasing_module.TestPurchasingModule" name="test_get_nonexistent_supplier" time="3.051" /><testcase classname="backend.tests.test_purchasing_module.TestPurchasingModule" name="test_create_purchase_with_new_item" time="5.295" /><testcase classname="backend.tests.test_purchasing_module.TestPurchasingModule" name="test_create_purchase_with_existing_item" time="5.212" /><testcase classname="backend.tests.test_purchasing_module.TestPurchasingModule" name="test_list_purchases" time="3.678" /><testcase classname="backend.tests.test_purchasing_module.TestPurchasingModule" name="test_get_purchase_stats" time="3.944" /><testcase classname="backend.tests.test_purchasing_module.TestPurchasingModule" name="test_get_purchase_by_id" time="4.492" /><testcase classname="backend.tests.test_purchasing_module.TestPurchasingModule" name="test_add_payment_to_purchase" time="5.579" /><testcase classname="backend.tests.test_purchasing_module.TestPurchasingModule" name="test_payment_status_changes" time="7.036" /><testcase classname="backend.tests.test_purchasing_module.TestPurchasingModule" name="test_cannot_pay_already_paid_purchase" time="5.961" /><testcase classname="backend.tests.test_purchasing_module.TestPurchasingModule" name="test_expense_created_on_purchase" time="6.180" /><testcase classname="backend.tests.test_purchasing_module.TestPurchasingModule" name="test_inventory_quantity_increases_on_purchase" time="5.701" /><testcase classname="backend.tests.test_purchasing_module.TestExistingPurchaseData" name="test_existing_supplier_fiberhome" time="2.312" /><testcase classname="backend.tests.test_purchasing_module.TestExistingPurchaseData" name="test_existing_purchase_po20260205" time="2.302" /></testsuite></testsuites>