<?xml version="1.0" encoding="utf-8"?><testsuites name="pytest tests"><testsuite name="pytest" errors="0" failures="0" skipped="0" tests="24" time="50.363" timestamp="2026-02-04T14:53:53.497983+00:00" hostname="agent-env-76d637b0-b0ac-473a-9835-64325f7a64ec"><testcase classname="backend.tests.test_billing_system.TestAuthEndpoints" name="test_admin_login_success" time="1.419" /><testcase classname="backend.tests.test_billing_system.TestAuthEndpoints" name="test_login_invalid_credentials" time="0.938" /><testcase classname="backend.tests.test_billing_system.TestAuthEndpoints" name="test_protected_endpoint_without_token" time="0.910" /><testcase classname="backend.tests.test_billing_system.TestBillingSchedulerAPIs" name="test_billing_status_api" time="2.054" /><testcase classname="backend.tests.test_billing_system.TestBillingSchedulerAPIs" name="test_manual_billing_trigger_api" time="2.066" /><testcase classname="backend.tests.test_billing_system.TestBillingSchedulerAPIs" name="test_billing_logs_api" time="2.176" /><testcase classname="backend.tests.test_billing_system.TestBillingSchedulerAPIs" name="test_upcoming_billing_api" time="2.279" /><testcase classname="backend.tests.test_billing_system.TestSubscriberAPIs" name="test_list_subscribers" time="2.247" /><testcase classname="backend.tests.test_billing_system.TestSubscriberAPIs" name="test_list_plans" time="2.256" /><testcase classname="backend.tests.test_billing_system.TestSubscriberAPIs" name="test_list_invoices" time="1.999" /><testcase classname="backend.tests.test_billing_system.TestMikrotikAPIs" name="test_mikrotik_stats_endpoint" time="4.173" /><testcase classname="backend.tests.test_billing_system.TestMikrotikAPIs" name="test_mikrotik_profiles_endpoint" time="2.585" /><testcase classname="backend.tests.test_billing_system.TestDashboardAPIs" name="test_dashboard_stats" time="2.447" /><testcase classname="backend.tests.test_billing_system.TestUserManagementAPIs" name="test_list_users" time="2.335" /><testcase classname="backend.tests.test_billing_system.TestAddressAPIs" name="test_get_provinces" time="0.998" /><testcase classname="backend.tests.test_centralized_payment.TestCashierAuth" name="test_cashier_login_success" time="1.506" /><testcase classname="backend.tests.test_centralized_payment.TestSubscriberSearch" name="test_search_by_account_number" time="2.240" /><testcase classname="backend.tests.test_centralized_payment.TestSubscriberSearch" name="test_search_by_name" time="2.422" /><testcase classname="backend.tests.test_centralized_payment.TestSubscriberInvoices" name="test_get_subscriber_invoices" time="2.081" /><testcase classname="backend.tests.test_centralized_payment.TestTodayStats" name="test_today_stats" time="2.493" /><testcase classname="backend.tests.test_centralized_payment.TestCentralizedPayment" name="test_centralized_payment_validation" time="2.178" /><testcase classname="backend.tests.test_centralized_payment.TestCentralizedPayment" name="test_centralized_payment_invalid_subscriber" time="2.335" /><testcase classname="backend.tests.test_centralized_payment.TestWalletBalance" name="test_get_wallet_balance" time="1.939" /><testcase classname="backend.tests.test_centralized_payment.TestPaymentHistory" name="test_get_payment_history" time="2.045" /></testsuite></testsuites>