<?xml version="1.0" encoding="utf-8"?><testsuites name="pytest tests"><testsuite name="pytest" errors="0" failures="0" skipped="0" tests="15" time="25.118" timestamp="2026-02-04T06:28:31.825009+00:00" hostname="agent-env-2e8791c5-8415-4f36-9a74-04d934e16144"><testcase classname="backend.tests.test_billing_system.TestAuthEndpoints" name="test_admin_login_success" time="1.287" /><testcase classname="backend.tests.test_billing_system.TestAuthEndpoints" name="test_login_invalid_credentials" time="0.871" /><testcase classname="backend.tests.test_billing_system.TestAuthEndpoints" name="test_protected_endpoint_without_token" time="0.667" /><testcase classname="backend.tests.test_billing_system.TestBillingSchedulerAPIs" name="test_billing_status_api" time="1.897" /><testcase classname="backend.tests.test_billing_system.TestBillingSchedulerAPIs" name="test_manual_billing_trigger_api" time="1.885" /><testcase classname="backend.tests.test_billing_system.TestBillingSchedulerAPIs" name="test_billing_logs_api" time="2.044" /><testcase classname="backend.tests.test_billing_system.TestBillingSchedulerAPIs" name="test_upcoming_billing_api" time="2.250" /><testcase classname="backend.tests.test_billing_system.TestSubscriberAPIs" name="test_list_subscribers" time="1.859" /><testcase classname="backend.tests.test_billing_system.TestSubscriberAPIs" name="test_list_plans" time="2.037" /><testcase classname="backend.tests.test_billing_system.TestSubscriberAPIs" name="test_list_invoices" time="1.624" /><testcase classname="backend.tests.test_billing_system.TestMikrotikAPIs" name="test_mikrotik_stats_not_configured" time="1.867" /><testcase classname="backend.tests.test_billing_system.TestMikrotikAPIs" name="test_mikrotik_profiles_not_configured" time="2.137" /><testcase classname="backend.tests.test_billing_system.TestDashboardAPIs" name="test_dashboard_stats" time="1.642" /><testcase classname="backend.tests.test_billing_system.TestUserManagementAPIs" name="test_list_users" time="2.028" /><testcase classname="backend.tests.test_billing_system.TestAddressAPIs" name="test_get_provinces" time="0.871" /></testsuite></testsuites>