<?xml version="1.0" encoding="utf-8"?><testsuites name="pytest tests"><testsuite name="pytest" errors="0" failures="0" skipped="2" tests="13" time="12.091" timestamp="2026-02-23T00:39:31.110749+00:00" hostname="agent-env-79101a89-877a-42f4-ac2b-101e93296c31"><testcase classname="backend.tests.test_receipt_settings.TestAuthentication" name="test_admin_login" time="1.323" /><testcase classname="backend.tests.test_receipt_settings.TestAuthentication" name="test_cashier_login" time="1.208" /><testcase classname="backend.tests.test_receipt_settings.TestReceiptSettingsAPI" name="test_get_receipt_settings_empty" time="0.802" /><testcase classname="backend.tests.test_receipt_settings.TestReceiptSettingsAPI" name="test_save_receipt_settings" time="0.725" /><testcase classname="backend.tests.test_receipt_settings.TestReceiptSettingsAPI" name="test_verify_saved_settings" time="0.714" /><testcase classname="backend.tests.test_receipt_settings.TestReceiptSettingsAPI" name="test_update_receipt_settings" time="1.436" /><testcase classname="backend.tests.test_receipt_settings.TestReceiptPreview" name="test_get_receipt_preview" time="0.692" /><testcase classname="backend.tests.test_receipt_settings.TestReceiptDataRetrieval" name="test_get_receipt_data_admin" time="0.800"><skipped type="pytest.skip" message="No payment found to test receipt data">/app/backend/tests/test_receipt_settings.py:225: No payment found to test receipt data</skipped></testcase><testcase classname="backend.tests.test_receipt_settings.TestReceiptDataRetrieval" name="test_get_receipt_data_cashier" time="0.706"><skipped type="pytest.skip" message="No payment found to test receipt data">/app/backend/tests/test_receipt_settings.py:248: No payment found to test receipt data</skipped></testcase><testcase classname="backend.tests.test_receipt_settings.TestReceiptDataRetrieval" name="test_get_receipt_data_not_found" time="1.396" /><testcase classname="backend.tests.test_receipt_settings.TestAccessControl" name="test_receipt_settings_requires_auth" time="0.690" /><testcase classname="backend.tests.test_receipt_settings.TestAccessControl" name="test_save_settings_requires_admin" time="0.729" /><testcase classname="backend.tests.test_receipt_settings.TestCleanup" name="test_restore_default_settings" time="0.705" /></testsuite></testsuites>