<?xml version="1.0" encoding="utf-8"?><testsuites name="pytest tests"><testsuite name="pytest" errors="0" failures="0" skipped="0" tests="15" time="34.192" timestamp="2026-02-23T07:22:55.944839+00:00" hostname="agent-env-cf3e3a72-1695-4523-b62e-f3fc9399564a"><testcase classname="tests.test_subscriber_portal.TestSubscriberAuth" name="test_subscriber_login_success" time="1.476" /><testcase classname="tests.test_subscriber_portal.TestSubscriberAuth" name="test_subscriber_login_case_insensitive" time="0.962" /><testcase classname="tests.test_subscriber_portal.TestSubscriberAuth" name="test_subscriber_login_invalid_account" time="1.182" /><testcase classname="tests.test_subscriber_portal.TestSubscriberAuth" name="test_subscriber_login_invalid_password" time="1.005" /><testcase classname="tests.test_subscriber_portal.TestSubscriberDashboard" name="test_get_dashboard" time="2.303" /><testcase classname="tests.test_subscriber_portal.TestSubscriberDashboard" name="test_dashboard_unauthorized" time="1.953" /><testcase classname="tests.test_subscriber_portal.TestSubscriberInvoices" name="test_get_invoices" time="1.914" /><testcase classname="tests.test_subscriber_portal.TestSubscriberInvoices" name="test_invoices_unauthorized" time="1.988" /><testcase classname="tests.test_subscriber_portal.TestSubscriberPayments" name="test_get_payments" time="2.327" /><testcase classname="tests.test_subscriber_portal.TestSubscriberPayments" name="test_payments_unauthorized" time="2.007" /><testcase classname="tests.test_subscriber_portal.TestSubscriberJobOrders" name="test_get_job_orders" time="1.853" /><testcase classname="tests.test_subscriber_portal.TestSubscriberJobOrders" name="test_job_orders_unauthorized" time="2.129" /><testcase classname="tests.test_subscriber_portal.TestSubscriberChangePassword" name="test_change_password_too_short" time="8.037" /><testcase classname="tests.test_subscriber_portal.TestSubscriberChangePassword" name="test_change_password_unauthorized" time="2.644" /><testcase classname="tests.test_subscriber_portal.TestStaffLoginLink" name="test_staff_login_endpoint" time="1.611" /></testsuite></testsuites>